<?xml version="1.0" encoding="utf-8"?>
<TestRun id="2b3b0619-cf5c-42ab-8127-ab1fc0944053" name="ImranAhsan@LAPTOP-IMRAN 2023-01-28 16:50:31" runUser="LAPTOP-IMRAN\ImranAhsan" xmlns="http://microsoft.com/schemas/VisualStudio/TeamTest/2010">
  <Times creation="2023-01-28T16:50:31.8534721+05:00" queuing="2023-01-28T16:50:31.8534721+05:00" start="2023-01-28T16:49:48.2801069+05:00" finish="2023-01-28T16:51:41.2794154+05:00" />
  <TestSettings name="default" id="6f05c5b7-cdac-4f3e-a07b-b1465252391e">
    <Deployment runDeploymentRoot="ImranAhsan_LAPTOP-IMRAN_2023-01-28_16_50_31" />
  </TestSettings>
  <Results>
    <UnitTestResult executionId="c53efb4f-56aa-4180-a451-e97ac4549a9e" testId="afb17807-7a43-4c14-a87e-ef8e29537f08" testName="logint (Data Row 0)" computerName="LAPTOP-IMRAN" duration="00:00:14.5744050" startTime="2023-01-28T16:51:14.3525639+05:00" endTime="2023-01-28T16:51:28.9296502+05:00" testType="13cdc9d9-ddb5-4fa4-a97d-d965ccfc6d4b" outcome="Passed" testListId="8c84fa94-04c1-424b-9868-57a2d4851a1d" relativeResultsDirectory="c53efb4f-56aa-4180-a451-e97ac4549a9e" />
    <UnitTestResult executionId="15dbc22a-9dd4-41c7-a887-70922e113c0b" testId="4f90dfad-d314-4158-87ac-54b9cae6a4a1" testName="delt (Data Row 0)" computerName="LAPTOP-IMRAN" duration="00:00:42.5127647" startTime="2023-01-28T16:50:31.8336975+05:00" endTime="2023-01-28T16:51:14.3525639+05:00" testType="13cdc9d9-ddb5-4fa4-a97d-d965ccfc6d4b" outcome="Passed" testListId="8c84fa94-04c1-424b-9868-57a2d4851a1d" relativeResultsDirectory="15dbc22a-9dd4-41c7-a887-70922e113c0b" />
    <UnitTestResult executionId="e19117dd-c39e-4952-87d3-ee87853077d9" testId="163fcd94-9f23-4ada-92ea-6d48ef84be27" testName="TestMethod1" computerName="LAPTOP-IMRAN" duration="00:00:00.0001801" startTime="2023-01-28T16:51:35.5505105+05:00" endTime="2023-01-28T16:51:35.5515097+05:00" testType="13cdc9d9-ddb5-4fa4-a97d-d965ccfc6d4b" outcome="Passed" testListId="8c84fa94-04c1-424b-9868-57a2d4851a1d" relativeResultsDirectory="e19117dd-c39e-4952-87d3-ee87853077d9" />
    <UnitTestResult executionId="5e230ffb-70e0-4d3b-8b1a-4a425c980aa3" testId="45d300a5-a9d1-4901-84f2-8d202e5e6a55" testName="addt (Data Row 0)" computerName="LAPTOP-IMRAN" duration="00:00:41.8801100" startTime="2023-01-28T16:49:49.4654724+05:00" endTime="2023-01-28T16:50:31.8173881+05:00" testType="13cdc9d9-ddb5-4fa4-a97d-d965ccfc6d4b" outcome="Passed" testListId="8c84fa94-04c1-424b-9868-57a2d4851a1d" relativeResultsDirectory="5e230ffb-70e0-4d3b-8b1a-4a425c980aa3" />
    <UnitTestResult executionId="9d4c0e79-cc3f-40c7-b526-cb6bfff18b15" testId="218ba716-1de5-439b-bf78-61e859a5878d" testName="updatet (Data Row 0)" computerName="LAPTOP-IMRAN" duration="00:00:06.6171542" startTime="2023-01-28T16:51:28.9306511+05:00" endTime="2023-01-28T16:51:35.5494954+05:00" testType="13cdc9d9-ddb5-4fa4-a97d-d965ccfc6d4b" outcome="Failed" testListId="8c84fa94-04c1-424b-9868-57a2d4851a1d" relativeResultsDirectory="9d4c0e79-cc3f-40c7-b526-cb6bfff18b15">
      <Output>
        <ErrorInfo>
          <Message>Test method SQA04imranexam.UpdateTC.updatet threw exception: &#xD;
OpenQA.Selenium.NoSuchElementException: no such element: Unable to locate element: {"method":"xpath","selector":"//span[text()='PIM']"}
  (Session info: chrome=109.0.5414.120)</Message>
          <StackTrace>    at OpenQA.Selenium.WebDriver.UnpackAndThrowOnError(Response errorResponse, String commandToExecute)&#xD;
   at OpenQA.Selenium.WebDriver.Execute(String driverCommandToExecute, Dictionary`2 parameters)&#xD;
   at OpenQA.Selenium.WebDriver.FindElement(String mechanism, String value)&#xD;
   at OpenQA.Selenium.By.&lt;.ctor&gt;b__11_0(ISearchContext context)&#xD;
   at OpenQA.Selenium.By.FindElement(ISearchContext context)&#xD;
   at OpenQA.Selenium.WebDriver.FindElement(By by)&#xD;
   at SQA04imranexam.BasePage.cle(By by) in C:\Users\ImranAhsan\source\repos\SQA04imranexam\SQA04imranexam\BasePage.cs:line 110&#xD;
   at SQA04imranexam.UpdatePage.updatep() in C:\Users\ImranAhsan\source\repos\SQA04imranexam\SQA04imranexam\Pom\Update Record\UpdatePage.cs:line 37&#xD;
   at SQA04imranexam.UpdateTC.updatet() in C:\Users\ImranAhsan\source\repos\SQA04imranexam\SQA04imranexam\Pom\Update Record\UpdateTC.cs:line 86&#xD;
</StackTrace>
        </ErrorInfo>
      </Output>
    </UnitTestResult>
  </Results>
  <TestDefinitions>
    <UnitTest name="delt (Data Row 0)" storage="c:\users\imranahsan\source\repos\sqa04imranexam\sqa04imranexam\bin\debug\sqa04imranexam.dll" id="4f90dfad-d314-4158-87ac-54b9cae6a4a1">
      <Execution id="15dbc22a-9dd4-41c7-a887-70922e113c0b" />
      <TestMethod codeBase="C:\Users\ImranAhsan\source\repos\SQA04imranexam\SQA04imranexam\bin\Debug\SQA04imranexam.dll" adapterTypeName="executor://mstestadapter/v2" className="SQA04imranexam.DeleteTC" name="delt" />
    </UnitTest>
    <UnitTest name="TestMethod1" storage="c:\users\imranahsan\source\repos\sqa04imranexam\sqa04imranexam\bin\debug\sqa04imranexam.dll" id="163fcd94-9f23-4ada-92ea-6d48ef84be27">
      <Execution id="e19117dd-c39e-4952-87d3-ee87853077d9" />
      <TestMethod codeBase="C:\Users\ImranAhsan\source\repos\SQA04imranexam\SQA04imranexam\bin\Debug\SQA04imranexam.dll" adapterTypeName="executor://mstestadapter/v2" className="SQA04imranexam.UnitTest1" name="TestMethod1" />
    </UnitTest>
    <UnitTest name="addt (Data Row 0)" storage="c:\users\imranahsan\source\repos\sqa04imranexam\sqa04imranexam\bin\debug\sqa04imranexam.dll" id="45d300a5-a9d1-4901-84f2-8d202e5e6a55">
      <Execution id="5e230ffb-70e0-4d3b-8b1a-4a425c980aa3" />
      <TestMethod codeBase="C:\Users\ImranAhsan\source\repos\SQA04imranexam\SQA04imranexam\bin\Debug\SQA04imranexam.dll" adapterTypeName="executor://mstestadapter/v2" className="SQA04imranexam.AddTC" name="addt" />
    </UnitTest>
    <UnitTest name="logint (Data Row 0)" storage="c:\users\imranahsan\source\repos\sqa04imranexam\sqa04imranexam\bin\debug\sqa04imranexam.dll" id="afb17807-7a43-4c14-a87e-ef8e29537f08">
      <Execution id="c53efb4f-56aa-4180-a451-e97ac4549a9e" />
      <TestMethod codeBase="C:\Users\ImranAhsan\source\repos\SQA04imranexam\SQA04imranexam\bin\Debug\SQA04imranexam.dll" adapterTypeName="executor://mstestadapter/v2" className="SQA04imranexam.LoginTC" name="logint" />
    </UnitTest>
    <UnitTest name="updatet (Data Row 0)" storage="c:\users\imranahsan\source\repos\sqa04imranexam\sqa04imranexam\bin\debug\sqa04imranexam.dll" id="218ba716-1de5-439b-bf78-61e859a5878d">
      <Execution id="9d4c0e79-cc3f-40c7-b526-cb6bfff18b15" />
      <TestMethod codeBase="C:\Users\ImranAhsan\source\repos\SQA04imranexam\SQA04imranexam\bin\Debug\SQA04imranexam.dll" adapterTypeName="executor://mstestadapter/v2" className="SQA04imranexam.UpdateTC" name="updatet" />
    </UnitTest>
  </TestDefinitions>
  <TestEntries>
    <TestEntry testId="afb17807-7a43-4c14-a87e-ef8e29537f08" executionId="c53efb4f-56aa-4180-a451-e97ac4549a9e" testListId="8c84fa94-04c1-424b-9868-57a2d4851a1d" />
    <TestEntry testId="4f90dfad-d314-4158-87ac-54b9cae6a4a1" executionId="15dbc22a-9dd4-41c7-a887-70922e113c0b" testListId="8c84fa94-04c1-424b-9868-57a2d4851a1d" />
    <TestEntry testId="163fcd94-9f23-4ada-92ea-6d48ef84be27" executionId="e19117dd-c39e-4952-87d3-ee87853077d9" testListId="8c84fa94-04c1-424b-9868-57a2d4851a1d" />
    <TestEntry testId="45d300a5-a9d1-4901-84f2-8d202e5e6a55" executionId="5e230ffb-70e0-4d3b-8b1a-4a425c980aa3" testListId="8c84fa94-04c1-424b-9868-57a2d4851a1d" />
    <TestEntry testId="218ba716-1de5-439b-bf78-61e859a5878d" executionId="9d4c0e79-cc3f-40c7-b526-cb6bfff18b15" testListId="8c84fa94-04c1-424b-9868-57a2d4851a1d" />
  </TestEntries>
  <TestLists>
    <TestList name="Results Not in a List" id="8c84fa94-04c1-424b-9868-57a2d4851a1d" />
    <TestList name="All Loaded Results" id="19431567-8539-422a-85d7-44ee4e166bda" />
  </TestLists>
  <ResultSummary outcome="Failed">
    <Counters total="5" executed="5" passed="4" failed="1" error="0" timeout="0" aborted="0" inconclusive="0" passedButRunAborted="0" notRunnable="0" notExecuted="0" disconnected="0" warning="0" completed="0" inProgress="0" pending="0" />
  </ResultSummary>
</TestRun>